<?xml version="1.0" encoding="UTF-8"?>
<testsuite name="Transfer funds between accounts in Parabank" tests="3" skipped="0" failures="0" errors="0" timestamp="2026-06-01T04:20:14" hostname="DESKTOP-KNABOT4" time="40.721">
  <properties/>
  <testcase name="Successful transfer of funds from checking to savings (Happy Path)" classname="Transfer funds between accounts in Parabank" time="14.401"/>
  <testcase name="Successful transfer of a moderate amount (Edge Case)" classname="Transfer funds between accounts in Parabank" time="13.214"/>
  <testcase name="Transfer funds to the same account (Edge Case)" classname="Transfer funds between accounts in Parabank" time="13.106"/>
  <system-out><![CDATA[]]></system-out>
  <system-err><![CDATA[[Test worker] INFO  - 
  _____   ___   ___   _____     ___   _____     _     ___   _____   ___   ___  
 |_   _| | __| / __| |_   _|   / __| |_   _|   /_\   | _ \ |_   _| | __| |   \ 
   | |   | _|  \__ \   | |     \__ \   | |    / _ \  |   /   | |   | _|  | |) |
   |_|   |___| |___/   |_|     |___/   |_|   /_/ \_\ |_|_\   |_|   |___| |___/ 

Successful transfer of funds from checking to savings (Happy Path)(transfer-funds-between-accounts-in-parabank;successful-transfer-of-funds-from-checking-to-savings-(happy-path))
--------------------------------------------------------------------------------
[Test worker] INFO net.serenitybdd.core.webdriver.driverproviders.ChromeDriverProvider - Starting Chrome driver instance with capabilities:
[Test worker] INFO net.serenitybdd.core.webdriver.driverproviders.ChromeDriverProvider - Capabilities {acceptInsecureCerts: true, browserName: chrome, goog:chromeOptions: {args: [--start-maximized, --test-type, --no-sandbox, --ignore-certificate-errors, \r\n                   --di..., --disable-default-apps, --disable-extensions-file-a..., \r\n                   --in..., --disable-infobars,--disabl..., --remote-allow-origins=*], extensions: []}}
may 31, 2026 11:20:15 P. M. org.openqa.selenium.devtools.CdpVersionFinder findNearestMatch
ADVERTENCIA: Unable to find CDP implementation matching 148
may 31, 2026 11:20:15 P. M. org.openqa.selenium.chromium.ChromiumDriver lambda$new$5
ADVERTENCIA: Unable to find version of CDP to use for 148.0.7778.179. You may need to include a dependency on a specific version of the CDP using something similar to `org.seleniumhq.selenium:selenium-devtools-v86:4.16.1` where the version ("v86") matches the version of the chromium-based browser you're using and the version number of the artifact is the same as Selenium's.
[Test worker] INFO  - ?[92m
  _____   ___   ___   _____     ___     _     ___   ___   ___   ___  
 |_   _| | __| / __| |_   _|   | _ \   /_\   / __| / __| | __| |   \ 
   | |   | _|  \__ \   | |     |  _/  / _ \  \__ \ \__ \ | _|  | |) |
   |_|   |___| |___/   |_|     |_|   /_/ \_\ |___/ |___/ |___| |___/ 

Successful transfer of funds from checking to savings (Happy Path)
----------------------------------------------------------------------?[0m
[Test worker] INFO  - 
  _____   ___   ___   _____     ___   _____     _     ___   _____   ___   ___  
 |_   _| | __| / __| |_   _|   / __| |_   _|   /_\   | _ \ |_   _| | __| |   \ 
   | |   | _|  \__ \   | |     \__ \   | |    / _ \  |   /   | |   | _|  | |) |
   |_|   |___| |___/   |_|     |___/   |_|   /_/ \_\ |_|_\   |_|   |___| |___/ 

Successful transfer of a moderate amount (Edge Case)(transfer-funds-between-accounts-in-parabank;successful-transfer-of-a-moderate-amount-(edge-case))
--------------------------------------------------------------------------------
[Test worker] INFO  - ?[92m
  _____   ___   ___   _____     ___     _     ___   ___   ___   ___  
 |_   _| | __| / __| |_   _|   | _ \   /_\   / __| / __| | __| |   \ 
   | |   | _|  \__ \   | |     |  _/  / _ \  \__ \ \__ \ | _|  | |) |
   |_|   |___| |___/   |_|     |_|   /_/ \_\ |___/ |___/ |___| |___/ 

Successful transfer of a moderate amount (Edge Case)
----------------------------------------------------------------------?[0m
[Test worker] INFO  - 
  _____   ___   ___   _____     ___   _____     _     ___   _____   ___   ___  
 |_   _| | __| / __| |_   _|   / __| |_   _|   /_\   | _ \ |_   _| | __| |   \ 
   | |   | _|  \__ \   | |     \__ \   | |    / _ \  |   /   | |   | _|  | |) |
   |_|   |___| |___/   |_|     |___/   |_|   /_/ \_\ |_|_\   |_|   |___| |___/ 

Transfer funds to the same account (Edge Case)(transfer-funds-between-accounts-in-parabank;transfer-funds-to-the-same-account-(edge-case))
--------------------------------------------------------------------------------
[Test worker] INFO  - ?[92m
  _____   ___   ___   _____     ___     _     ___   ___   ___   ___  
 |_   _| | __| / __| |_   _|   | _ \   /_\   / __| / __| | __| |   \ 
   | |   | _|  \__ \   | |     |  _/  / _ \  \__ \ \__ \ | _|  | |) |
   |_|   |___| |___/   |_|     |_|   /_/ \_\ |___/ |___/ |___| |___/ 

Transfer funds to the same account (Edge Case)
----------------------------------------------------------------------?[0m
]]></system-err>
</testsuite>
