<?xml version="1.0" encoding="UTF-8"?>
<testsuite name="User login in Parabank" tests="4" skipped="0" failures="1" errors="0" timestamp="2026-05-27T22:26:42.163Z" hostname="DESKTOP-7N19BH6" time="15.359">
  <properties/>
  <testcase name="Successful login with an existing user (Happy Path)" classname="User login in Parabank" time="4.055"/>
  <testcase name="Try to log in with invalid or incomplete credentials (Exceptional Cases) #1" classname="User login in Parabank" time="1.703"/>
  <testcase name="Try to log in with invalid or incomplete credentials (Exceptional Cases) #2" classname="User login in Parabank" time="1.704"/>
  <testcase name="Try to log in with invalid or incomplete credentials (Exceptional Cases) #3" classname="User login in Parabank" time="7.895">
    <failure message="java.lang.AssertionError: &#10;Expected: an element that is visible&#10;     but: no matching element found by [[ChromeDriver: chrome on windows (e67be6c4f7c2318ed836a863be737a81)] -&gt; xpath: //p[@class='error']]" type="java.lang.AssertionError">java.lang.AssertionError: 
Expected: an element that is visible
     but: no matching element found by [[ChromeDriver: chrome on windows (e67be6c4f7c2318ed836a863be737a81)] -&gt; xpath: //p[@class='error']]
	at net.serenitybdd.screenplay.ErrorTally.throwSummaryExceptionFrom(ErrorTally.java:38)
	at net.serenitybdd.screenplay.ErrorTally.reportAnyErrors(ErrorTally.java:32)
	at net.serenitybdd.screenplay.Actor.should(Actor.java:397)
	at co.edu.udea.certificacion.moduloIngreso.stepdefinitions.LoginStepDefinitions.heShouldSeeTheLoginErrorMessageAs(LoginStepDefinitions.java:39)
	at ✽.he should see the login error message as &quot;The username and password could not be verified.&quot;(file:///C:/Users/Pablo/Downloads/Calidad/E2E_SCREENPLAY/src/test/resources/features/login_usuario.feature:15)
</failure>
  </testcase>
  <system-out><![CDATA[]]></system-out>
  <system-err><![CDATA[[Test worker] INFO  - 
  _____   ___   ___   _____     ___   _____     _     ___   _____   ___   ___  
 |_   _| | __| / __| |_   _|   / __| |_   _|   /_\   | _ \ |_   _| | __| |   \ 
   | |   | _|  \__ \   | |     \__ \   | |    / _ \  |   /   | |   | _|  | |) |
   |_|   |___| |___/   |_|     |___/   |_|   /_/ \_\ |_|_\   |_|   |___| |___/ 

Successful login with an existing user (Happy Path)(user-login-in-parabank;successful-login-with-an-existing-user-(happy-path))
--------------------------------------------------------------------------------
[Test worker] INFO net.serenitybdd.core.webdriver.driverproviders.ChromeDriverProvider - Starting Chrome driver instance with capabilities:
[Test worker] INFO net.serenitybdd.core.webdriver.driverproviders.ChromeDriverProvider - Capabilities {acceptInsecureCerts: true, browserName: chrome, goog:chromeOptions: {args: [--start-maximized, --test-type, --no-sandbox, --ignore-certificate-errors, \n                   --disa..., --disable-default-apps, --disable-extensions-file-a..., \n                   --inco..., --disable-infobars,--disabl..., --remote-allow-origins=*], extensions: []}}
may 27, 2026 5:26:43 P. M. org.openqa.selenium.devtools.CdpVersionFinder findNearestMatch
WARNING: Unable to find CDP implementation matching 148
may 27, 2026 5:26:43 P. M. org.openqa.selenium.chromium.ChromiumDriver lambda$new$5
WARNING: Unable to find version of CDP to use for 148.0.7778.179. You may need to include a dependency on a specific version of the CDP using something similar to `org.seleniumhq.selenium:selenium-devtools-v86:4.16.1` where the version ("v86") matches the version of the chromium-based browser you're using and the version number of the artifact is the same as Selenium's.
[Test worker] INFO  - ?[92m
  _____   ___   ___   _____     ___     _     ___   ___   ___   ___  
 |_   _| | __| / __| |_   _|   | _ \   /_\   / __| / __| | __| |   \ 
   | |   | _|  \__ \   | |     |  _/  / _ \  \__ \ \__ \ | _|  | |) |
   |_|   |___| |___/   |_|     |_|   /_/ \_\ |___/ |___/ |___| |___/ 

Successful login with an existing user (Happy Path)
----------------------------------------------------------------------?[0m
[Test worker] INFO  - 
  _____   ___   ___   _____     ___   _____     _     ___   _____   ___   ___  
 |_   _| | __| / __| |_   _|   / __| |_   _|   /_\   | _ \ |_   _| | __| |   \ 
   | |   | _|  \__ \   | |     \__ \   | |    / _ \  |   /   | |   | _|  | |) |
   |_|   |___| |___/   |_|     |___/   |_|   /_/ \_\ |_|_\   |_|   |___| |___/ 

Try to log in with invalid or incomplete credentials (Exceptional Cases)(user-login-in-parabank;try-to-log-in-with-invalid-or-incomplete-credentials-(exceptional-cases))
--------------------------------------------------------------------------------
[Test worker] INFO  - ?[92m
  _____   ___   ___   _____     ___     _     ___   ___   ___   ___  
 |_   _| | __| / __| |_   _|   | _ \   /_\   / __| / __| | __| |   \ 
   | |   | _|  \__ \   | |     |  _/  / _ \  \__ \ \__ \ | _|  | |) |
   |_|   |___| |___/   |_|     |_|   /_/ \_\ |___/ |___/ |___| |___/ 

Try to log in with invalid or incomplete credentials (Exceptional Cases)
----------------------------------------------------------------------?[0m
[Test worker] INFO  - ?[92m
  _____   ___   ___   _____     ___     _     ___   ___   ___   ___  
 |_   _| | __| / __| |_   _|   | _ \   /_\   / __| / __| | __| |   \ 
   | |   | _|  \__ \   | |     |  _/  / _ \  \__ \ \__ \ | _|  | |) |
   |_|   |___| |___/   |_|     |_|   /_/ \_\ |___/ |___/ |___| |___/ 

Try to log in with invalid or incomplete credentials (Exceptional Cases)
----------------------------------------------------------------------?[0m
]]></system-err>
</testsuite>
