<?xml version="1.0" encoding="UTF-8" standalone="no"?><testsuite errors="4" failures="0" name="Bank account management and operations in Parabank" skipped="0" tests="4" time="1.06" timestamp="2026-05-24 11:55:27"><testcase name="Successful registration and account operations (Happy Path)"><error message="The actor Juan does not have the ability to browse the web" type="net.serenitybdd.screenplay.exceptions.ActorCannotBrowseTheWebException">The actor Juan does not have the ability to browse the web</error><system-err>The actor Juan does not have the ability to browse the web&#13;
co.edu.udea.certificacion.moduloIngreso.stepdefinitions.BankOperationsStepDefinitions.openParabankHomePage(BankOperationsStepDefinitions.java:17)&#13;
worker.org.gradle.process.internal.worker.GradleWorkerMain.run(GradleWorkerMain.java:69)&#13;
worker.org.gradle.process.internal.worker.GradleWorkerMain.main(GradleWorkerMain.java:74)&#13;
</system-err></testcase><testcase name="Try to register with missing mandatory fields (Exceptional Case)"><error message="The actor Juan does not have the ability to browse the web" type="net.serenitybdd.screenplay.exceptions.ActorCannotBrowseTheWebException">The actor Juan does not have the ability to browse the web</error><system-err>The actor Juan does not have the ability to browse the web&#13;
co.edu.udea.certificacion.moduloIngreso.stepdefinitions.BankOperationsStepDefinitions.openParabankHomePage(BankOperationsStepDefinitions.java:17)&#13;
worker.org.gradle.process.internal.worker.GradleWorkerMain.run(GradleWorkerMain.java:69)&#13;
worker.org.gradle.process.internal.worker.GradleWorkerMain.main(GradleWorkerMain.java:74)&#13;
</system-err></testcase></testsuite>