<?xml version="1.0" encoding="UTF-8" standalone="no"?><testsuite errors="0" failures="0" name="Open a new bank account in Parabank" skipped="0" tests="4" time="5.39" timestamp="2026-05-31 11:19:06"><testcase name="Successful creation of a new savings account (Happy Path)"/><testcase name="Successful creation of a new checking account (Happy Path)"/><testcase name="Verify the new savings account appears in the overview (Exceptional Case)"/><testcase name="Verify the new checking account appears in the overview (Exceptional Case)"/></testsuite>