<?xml version="1.0" encoding="UTF-8" standalone="no"?><testsuite errors="2" failures="0" name="Open a new bank account in Parabank" skipped="0" tests="3" time="8.92" timestamp="2026-05-27 04:08:05"><testcase name="Successful creation of a new savings account (Happy Path)"/><testcase name="Try to open an account under exceptional conditions"><error message="Cannot locate option with value: SAVINGS&#10;For documentation on this error, please visit: https://www.selenium.dev/documentation/webdriver/troubleshooting/errors#no-such-element-exception&#10;Build info: version: '4.16.1', revision: '9b4c83354e'&#10;System info: os.name: 'Windows 11', os.arch: 'amd64', os.version: '10.0', java.version: '21.0.10'&#10;Driver info: driver.version: unknown" type="org.openqa.selenium.NoSuchElementException">Cannot locate option with value: SAVINGS
For documentation on this error, please visit: https://www.selenium.dev/documentation/webdriver/troubleshooting/errors#no-such-element-exception
Build info: version: '4.16.1', revision: '9b4c83354e'
System info: os.name: 'Windows 11', os.arch: 'amd64', os.version: '10.0', java.version: '21.0.10'
Driver info: driver.version: unknown</error><system-err>Cannot locate option with value: SAVINGS
For documentation on this error, please visit: https://www.selenium.dev/documentation/webdriver/troubleshooting/errors#no-such-element-exception
Build info: version: '4.16.1', revision: '9b4c83354e'
System info: os.name: 'Windows 11', os.arch: 'amd64', os.version: '10.0', java.version: '21.0.10'
Driver info: driver.version: unknown&#13;
co.edu.udea.certificacion.moduloIngreso.tasks.OpenThe.performAs(OpenThe.java:63)&#13;
co.edu.udea.certificacion.moduloIngreso.stepdefinitions.AccountStepDefinitions.heAttemptsToOpenAnAccountWithTypeFromSource(AccountStepDefinitions.java:40)&#13;
worker.org.gradle.process.internal.worker.GradleWorkerMain.run(GradleWorkerMain.java:69)&#13;
worker.org.gradle.process.internal.worker.GradleWorkerMain.main(GradleWorkerMain.java:74)&#13;
</system-err></testcase></testsuite>