<?xml version="1.0" encoding="UTF-8" standalone="no"?><testsuite errors="0" failures="1" name="User login in Parabank" skipped="0" tests="4" time="2.89" timestamp="2026-05-27 05:05:46"><testcase name="Successful login with an existing user (Happy Path)"/><testcase name="Try to log in with invalid or incomplete credentials (Exceptional Cases)"><failure message="&#10;Expected: an element that is visible&#10;     but: no matching element found by [[ChromeDriver: chrome on windows (00e9e40710a4cdb3cffac744f945d95a)] -&gt; xpath: //p[@class='error']]" type="java.lang.AssertionError">
Expected: an element that is visible
     but: no matching element found by [[ChromeDriver: chrome on windows (00e9e40710a4cdb3cffac744f945d95a)] -&gt; xpath: //p[@class='error']]</failure><system-err>
Expected: an element that is visible
     but: no matching element found by [[ChromeDriver: chrome on windows (00e9e40710a4cdb3cffac744f945d95a)] -&gt; xpath: //p[@class='error']]&#13;
co.edu.udea.certificacion.moduloIngreso.questions.LoginError.answeredBy(LoginError.java:19)&#13;
co.edu.udea.certificacion.moduloIngreso.questions.LoginError.answeredBy(LoginError.java:11)&#13;
co.edu.udea.certificacion.moduloIngreso.stepdefinitions.LoginStepDefinitions.heShouldSeeTheLoginErrorMessageAs(LoginStepDefinitions.java:40)&#13;
worker.org.gradle.process.internal.worker.GradleWorkerMain.run(GradleWorkerMain.java:69)&#13;
worker.org.gradle.process.internal.worker.GradleWorkerMain.main(GradleWorkerMain.java:74)&#13;
</system-err></testcase></testsuite>